|SourceProjectName:TPubTemp.pss
|DestinationProjectName:index.html
TPubTemp.hhc
TPubTemp.hhk
IPM_Specification_-_HTML5\IOT_Spec_Introduction\Introduction1.htm
IPM_Specification_-_HTML5\IOT_Spec_Introduction\Rationale_for_the_IoT_Expansion_Card_Form_Factor.htm
IPM_Specification_-_HTML5\IOT_Spec_Introduction\Specification_Objective.htm
IPM_Specification_-_HTML5\IOT_Spec_Introduction\Targeted_Applications.htm
IPM_Specification_-_HTML5\IOT_Spec_Introduction\IoT_Expansion_Card_Classes_and_Categories.htm
IPM_Specification_-_HTML5\IOT_Spec_Introduction\IoT_Expansion_Card_Characteristics.htm
IPM_Specification_-_HTML5\IOT_Spec_Introduction\Document_Organization.htm
IPM_Specification_-_HTML5\IOT_Spec_Technical_Specifications\Technical_Specifications1.htm
IPM_Specification_-_HTML5\IOT_Spec_Technical_Specifications\Environmental_Specifications.htm
IPM_Specification_-_HTML5\IOT_Spec_Technical_Specifications\Power_Requirement.htm
IPM_Specification_-_HTML5\IOT_Spec_Technical_Specifications\EMC_and_ESD_Recommendations.htm
IPM_Specification_-_HTML5\IOT_Spec_Interface_details\Interfaces_Specification1.htm
IPM_Specification_-_HTML5\IOT_Spec_Interface_details\IoT_Expansion_Card_Platform_Features.htm
IPM_Specification_-_HTML5\IOT_Spec_Interface_details\USB.htm
IPM_Specification_-_HTML5\IOT_Spec_Interface_details\SDIO_Interface.htm
IPM_Specification_-_HTML5\IOT_Spec_Interface_details\UART.htm
IPM_Specification_-_HTML5\IOT_Spec_Interface_details\SPI_Bus.htm
IPM_Specification_-_HTML5\IOT_Spec_Interface_details\Reset_Signal_n_RESET.htm
IPM_Specification_-_HTML5\IOT_Spec_Interface_details\ADC.htm
IPM_Specification_-_HTML5\IOT_Spec_Interface_details\I2C_Interface.htm
IPM_Specification_-_HTML5\IOT_Spec_Interface_details\General_Purpose_Input___Output_GPIO.htm
IPM_Specification_-_HTML5\IOT_Spec_Interface_details\n_CARD_DETECT.htm
IPM_Specification_-_HTML5\IOT_Spec_Interface_details\Digital_Audio.htm
IPM_Specification_-_HTML5\IOT_Spec_Interface_details\Stratum_Clock_PPS.htm
IPM_Specification_-_HTML5\IOT_Spec_Interface_details\Table_3-13__Clock_interface_pin_descriptionsPinSignal_nameI.htm
IPM_Specification_-_HTML5\IOT_Spec_Mechanical\Mechanical_Form_Factor1.htm
IPM_Specification_-_HTML5\IOT_Spec_Mechanical\Mechanical_Dimensions.htm
IPM_Specification_-_HTML5\IOT_Spec_Mechanical\IoT_Expansion_Card-side_Requirements_and_Considerations.htm
IPM_Specification_-_HTML5\IOT_Spec_Mechanical\IoT_Expansion_Card_Boot_Process.htm
IPM_Specification_-_HTML5\IOT_Spec_Mechanical\Host-side_Requirements_and_Considerations.htm
IPM_Specification_-_HTML5\IOT_Spec_Mechanical\Pull-up_Resistors.htm
IPM_Specification_-_HTML5\Mounting\Mounting_Methods1.htm
IPM_Specification_-_HTML5\Mounting\Self-enclosed_IoT_Expansion_Card.htm
IPM_Specification_-_HTML5\Mounting\ESD_Protection.htm
IPM_Specification_-_HTML5\Pad\Pinout1.htm
IPM_Specification_-_HTML5\Pad\Pin_Configuration.htm
IPM_Specification_-_HTML5\Pad\Pin_Definitions.htm
IPM_Specification_-_HTML5\References\References1.htm
IPM_Specification_-_HTML5\References\Web_Site_Support.htm
IPM_Specification_-_HTML5\References\Reference_Documents.htm
IPM_Specification_-_HTML5\Appendix_-_Acronyms\Abbreviations1.htm
IPM_Specification_-_HTML5\IoT_Preface\IoT_Preface.htm
template\test_mango_Responsive\andsearch_mark.png
template\test_mango_Responsive\andsearch_nomark.png
template\test_mango_Responsive\back_mobile_filter.png
template\test_mango_Responsive\back_mobile_ltr.png
template\test_mango_Responsive\back_mobile_rtl.png
template\test_mango_Responsive\filter_clearall.png
template\test_mango_Responsive\filter_desktop.png
template\test_mango_Responsive\filter_desktop_applied.png
template\test_mango_Responsive\filter_mark.png
template\test_mango_Responsive\filter_mark_radio.png
template\test_mango_Responsive\filter_mobile.png
template\test_mango_Responsive\filter_mobile_applied.png
template\test_mango_Responsive\filter_nomark.png
template\test_mango_Responsive\filter_nomark_radio.png
template\test_mango_Responsive\filter_tab.png
template\test_mango_Responsive\filter_tab_applied.png
template\test_mango_Responsive\glossary_desktop.png
template\test_mango_Responsive\glossary_mobile.png
template\test_mango_Responsive\glossary_tab.png
template\test_mango_Responsive\idx_topic.png
template\test_mango_Responsive\index_desktop.png
template\test_mango_Responsive\index_mobile.png
template\test_mango_Responsive\index_tab.png
template\test_mango_Responsive\layout-rtl.css
template\test_mango_Responsive\layout.css
template\test_mango_Responsive\loading.gif
template\test_mango_Responsive\logo.png
template\test_mango_Responsive\MasterThemeSchema.xml
template\test_mango_Responsive\menu.png
template\test_mango_Responsive\next.png
template\test_mango_Responsive\next_active.png
template\test_mango_Responsive\next_mobile.png
template\test_mango_Responsive\next_mobile_active.png
template\test_mango_Responsive\next_tab.png
template\test_mango_Responsive\next_tab_active.png
template\test_mango_Responsive\preview\content.png
template\test_mango_Responsive\preview\filter-mobile.png
template\test_mango_Responsive\preview\filter.png
template\test_mango_Responsive\preview\functionbar-desktop.png
template\test_mango_Responsive\preview\functionbar-mobile.png
template\test_mango_Responsive\preview\functionbar-tablet.png
template\test_mango_Responsive\preview\glossary.png
template\test_mango_Responsive\preview\header.png
template\test_mango_Responsive\preview\index.png
template\test_mango_Responsive\preview\layout-media-queries.png
template\test_mango_Responsive\preview\search-mobile.png
template\test_mango_Responsive\preview\search.png
template\test_mango_Responsive\preview\sidebar-desktop.png
template\test_mango_Responsive\preview\sidebar-mobile.png
template\test_mango_Responsive\preview\sidebar-tablet.png
template\test_mango_Responsive\preview\social.png
template\test_mango_Responsive\preview\toc-desktop.png
template\test_mango_Responsive\preview\toc-mobile.png
template\test_mango_Responsive\preview\user-settings.png
template\test_mango_Responsive\previous.png
template\test_mango_Responsive\previous_active.png
template\test_mango_Responsive\previous_mobile.png
template\test_mango_Responsive\previous_mobile_active.png
template\test_mango_Responsive\previous_tab.png
template\test_mango_Responsive\previous_tab_active.png
template\test_mango_Responsive\print_desktop.png
template\test_mango_Responsive\search_desktop.png
template\test_mango_Responsive\search_desktop_active.png
template\test_mango_Responsive\search_desktop_navigation.png
template\test_mango_Responsive\search_mobile.png
template\test_mango_Responsive\search_mobile_active.png
template\test_mango_Responsive\search_mobile_navigation.png
template\test_mango_Responsive\search_tab.png
template\test_mango_Responsive\slider_ltr.png
template\test_mango_Responsive\slider_open_ltr.png
template\test_mango_Responsive\slider_open_rtl.png
template\test_mango_Responsive\slider_rtl.png
template\test_mango_Responsive\social_close_ltr.png
template\test_mango_Responsive\social_close_rtl.png
template\test_mango_Responsive\social_open.png
template\test_mango_Responsive\toc_book_closed_desktop.png
template\test_mango_Responsive\toc_book_closed_mobile.png
template\test_mango_Responsive\toc_book_open_desktop.png
template\test_mango_Responsive\toc_book_open_drildown.png
template\test_mango_Responsive\toc_book_open_mobile.png
template\test_mango_Responsive\toc_desktop.png
template\test_mango_Responsive\toc_link_desktop_ltr.png
template\test_mango_Responsive\toc_link_desktop_rtl.png
template\test_mango_Responsive\toc_link_mobile_ltr.png
template\test_mango_Responsive\toc_link_mobile_rtl.png
template\test_mango_Responsive\toc_mobile.png
template\test_mango_Responsive\toc_tab.png
template\test_mango_Responsive\toc_topic_desktop.png
template\test_mango_Responsive\toc_topic_mobile.png
template\test_mango_Responsive\top.png
template\test_mango_Responsive\Topic.slp
template\test_mango_Responsive\usersettings.js
IPM_Specification_-_HTML5\IOT_Spec_Introduction\IOT_Spec_Introduction.css
IPM_Specification_-_HTML5\IOT_Spec_Technical_Specifications\IOT_Spec_Technical_Specifications.css
IPM_Specification_-_HTML5\IOT_Spec_Interface_details\IOT_Spec_Interface_details.css
IPM_Specification_-_HTML5\IOT_Spec_Mechanical\IOT_Spec_Mechanical.css
IPM_Specification_-_HTML5\Mounting\Mounting.css
IPM_Specification_-_HTML5\Pad\Pad.css
IPM_Specification_-_HTML5\References\References.css
IPM_Specification_-_HTML5\Appendix_-_Acronyms\Appendix_-_Acronyms.css
IPM_Specification_-_HTML5\IoT_Preface\IoT_Preface.css
IPM_Specification_-_HTML5\IOT_Spec_Introduction\All_modules_overview_web.jpg
IPM_Specification_-_HTML5\IOT_Spec_Technical_Specifications\Power-up_sequence.jpg
IPM_Specification_-_HTML5\IOT_Spec_Mechanical\IOT_Spec_Mechanical00003.jpg
IPM_Specification_-_HTML5\IOT_Spec_Mechanical\iot_module_keepout_G.jpg
IPM_Specification_-_HTML5\IOT_Spec_Mechanical\iot2x-pcb_D.jpg
IPM_Specification_-_HTML5\IOT_Spec_Mechanical\iot2x-pcb_D00010.jpg
IPM_Specification_-_HTML5\IOT_Spec_Mechanical\Schematic_-_recommended_eeprom.jpg
IPM_Specification_-_HTML5\IOT_Spec_Mechanical\IOT_Spec_Mechanical00015.jpg
IPM_Specification_-_HTML5\IOT_Spec_Mechanical\IOT_Spec_Mechanical00018.jpg
IPM_Specification_-_HTML5\IOT_Spec_Mechanical\OSHW_3D_model_v8_-_qsfp_connector.png
IPM_Specification_-_HTML5\IOT_Spec_Mechanical\IOT_Spec_Mechanical00023.jpg
IPM_Specification_-_HTML5\Mounting\mounting_examples.png
IPM_Specification_-_HTML5\Mounting\iot-mounting_F.jpg
IPM_Specification_-_HTML5\Mounting\iot-mounting_F00030.jpg
IPM_Specification_-_HTML5\Mounting\iot2x-mounting_C.jpg
IPM_Specification_-_HTML5\Mounting\IoT_Boxed_rear_view.png
IPM_Specification_-_HTML5\Mounting\IoT_Boxed_front_view.png
IPM_Specification_-_HTML5\Mounting\iot-mounting-ground-clips.jpg
IPM_Specification_-_HTML5\Mounting\Mounting00037.jpg
IPM_Specification_-_HTML5\Mounting\iot_module_keepout_G.jpg
IPM_Specification_-_HTML5\Pad\IoT_module_pin_view.jpg
IPM_Specification_-_HTML5\Pad\schematic_-_edge_connector.jpg
IPM_Specification_-_HTML5\IoT_Preface\cc_by.png
RoboHHRE.lng
ehlpdhtm.js
index.html
whxdata\toc1.js
whxdata\toc1.new.js
whxdata\toc3.js
whxdata\toc3.new.js
whxdata\toc2.js
whxdata\toc2.new.js
whxdata\toc5.js
whxdata\toc5.new.js
whxdata\toc4.js
whxdata\toc4.new.js
whxdata\toc7.js
whxdata\toc7.new.js
whxdata\toc8.js
whxdata\toc8.new.js
whxdata\toc9.js
whxdata\toc9.new.js
whxdata\toc6.js
whxdata\toc6.new.js
whxdata\toc11.js
whxdata\toc11.new.js
whxdata\toc10.js
whxdata\toc10.new.js
whxdata\toc12.js
whxdata\toc12.new.js
whxdata\toc13.js
whxdata\toc13.new.js
whxdata\toc.js
whxdata\toc.new.js
whxdata\idata1.js
whxdata\idx.js
whxdata\glo.js
whxdata\package_0_xml.js
whxdata\package_1_xml.js
whxdata\package_2_xml.js
whxdata\package_3_xml.js
whxdata\package_4_xml.js
whxdata\package_5_xml.js
whxdata\package_6_xml.js
whxdata\package_7_xml.js
whxdata\package_8_xml.js
whxdata\package_9_xml.js
whxdata\packageindex_xml.js
whxdata\synonym.xml
whxdata\synonym_xml.js
whxdata\topictable_0_xml.js
whxdata\topictable_1_xml.js
whxdata\topictableindex_xml.js
whxdata\whfts.xml
whxdata\whfts_xml.js
whxdata\csh.js
whxdata\window.js
projectdata.js
